  stdafx.cpp
  cameracomponent.cpp
  color.cpp
  componentstorer.cpp
  d3d11buffer.cpp
  d3d11device.cpp
  d3d11pixelshader.cpp
  d3d11samplerstate.cpp
  d3d11texture2d.cpp
  d3d11util.cpp
  d3d11vertexshader.cpp
  directorywatcher.cpp
  entity.cpp
  entitymanager.cpp
  eventbus.cpp
  firstpersoncontrollercomponent.cpp
  input.cpp
  libraries.cpp
  lightcomponent.cpp
  material.cpp
  memath.cpp
  mesh.cpp
  meshrenderercomponent.cpp
  posteffect.cpp
  primitivemeshes.cpp
  renderer.cpp
  scenenode.cpp
  systemmanager.cpp
  transformcomponent.cpp
  util.cpp
  vertex.cpp
  window.cpp
  WICTextureLoader.cpp
     Creating library C:\Users\olive\cpp4\MECubeApp\_build\MicroEngine_Debug.lib and object C:\Users\olive\cpp4\MECubeApp\_build\MicroEngine_Debug.exp
  MicroEngine.vcxproj -> C:\Users\olive\cpp4\MECubeApp\_build\MicroEngine_Debug.dll
